{"/Users/chrishafley/Desktop/17-214/hw6-analytics-framework-reallyreallycoolname/src/pluginloader.ts": {"path":"/Users/chrishafley/Desktop/17-214/hw6-analytics-framework-reallyreallycoolname/src/pluginloader.ts","statementMap":{"0":{"start":{"line":3,"column":0},"end":{"line":3,"column":37}},"1":{"start":{"line":4,"column":0},"end":{"line":4,"column":23}},"2":{"start":{"line":16,"column":14},"end":{"line":16,"column":45}},"3":{"start":{"line":17,"column":18},"end":{"line":17,"column":55}},"4":{"start":{"line":18,"column":20},"end":{"line":19,"column":60}},"5":{"start":{"line":19,"column":4},"end":{"line":19,"column":59}},"6":{"start":{"line":19,"column":22},"end":{"line":19,"column":58}},"7":{"start":{"line":20,"column":20},"end":{"line":21,"column":54}},"8":{"start":{"line":21,"column":4},"end":{"line":21,"column":53}},"9":{"start":{"line":21,"column":21},"end":{"line":21,"column":52}},"10":{"start":{"line":22,"column":2},"end":{"line":22,"column":null}},"11":{"start":{"line":22,"column":24},"end":{"line":22,"column":42}},"12":{"start":{"line":23,"column":2},"end":{"line":23,"column":null}},"13":{"start":{"line":23,"column":26},"end":{"line":23,"column":44}},"14":{"start":{"line":24,"column":2},"end":{"line":24,"column":null}},"15":{"start":{"line":25,"column":2},"end":{"line":25,"column":null}},"16":{"start":{"line":25,"column":26},"end":{"line":25,"column":44}},"17":{"start":{"line":25,"column":61},"end":{"line":25,"column":79}},"18":{"start":{"line":26,"column":2},"end":{"line":26,"column":null}},"19":{"start":{"line":27,"column":2},"end":{"line":30,"column":null}},"20":{"start":{"line":28,"column":4},"end":{"line":30,"column":6}},"21":{"start":{"line":29,"column":6},"end":{"line":29,"column":null}},"22":{"start":{"line":61,"column":9},"end":{"line":61,"column":24}},"23":{"start":{"line":42,"column":14},"end":{"line":42,"column":45}},"24":{"start":{"line":43,"column":18},"end":{"line":43,"column":55}},"25":{"start":{"line":44,"column":20},"end":{"line":45,"column":60}},"26":{"start":{"line":45,"column":4},"end":{"line":45,"column":59}},"27":{"start":{"line":45,"column":22},"end":{"line":45,"column":58}},"28":{"start":{"line":46,"column":20},"end":{"line":47,"column":54}},"29":{"start":{"line":47,"column":4},"end":{"line":47,"column":53}},"30":{"start":{"line":47,"column":21},"end":{"line":47,"column":52}},"31":{"start":{"line":48,"column":2},"end":{"line":48,"column":null}},"32":{"start":{"line":48,"column":24},"end":{"line":48,"column":42}},"33":{"start":{"line":49,"column":2},"end":{"line":49,"column":null}},"34":{"start":{"line":49,"column":26},"end":{"line":49,"column":44}},"35":{"start":{"line":50,"column":2},"end":{"line":50,"column":null}},"36":{"start":{"line":50,"column":26},"end":{"line":50,"column":44}},"37":{"start":{"line":51,"column":2},"end":{"line":54,"column":null}},"38":{"start":{"line":52,"column":4},"end":{"line":54,"column":6}},"39":{"start":{"line":53,"column":6},"end":{"line":53,"column":null}},"40":{"start":{"line":61,"column":26},"end":{"line":61,"column":43}}},"fnMap":{"0":{"name":"loadDataPlugins","decl":{"start":{"line":15,"column":16},"end":{"line":15,"column":31}},"loc":{"start":{"line":15,"column":50},"end":{"line":31,"column":null}}},"1":{"name":"(anonymous_10)","decl":{"start":{"line":18,"column":33},"end":{"line":18,"column":38}},"loc":{"start":{"line":19,"column":4},"end":{"line":19,"column":59}}},"2":{"name":"(anonymous_11)","decl":{"start":{"line":19,"column":17},"end":{"line":19,"column":18}},"loc":{"start":{"line":19,"column":22},"end":{"line":19,"column":58}}},"3":{"name":"(anonymous_12)","decl":{"start":{"line":20,"column":35},"end":{"line":20,"column":42}},"loc":{"start":{"line":21,"column":4},"end":{"line":21,"column":53}}},"4":{"name":"(anonymous_13)","decl":{"start":{"line":21,"column":16},"end":{"line":21,"column":17}},"loc":{"start":{"line":21,"column":21},"end":{"line":21,"column":52}}},"5":{"name":"(anonymous_14)","decl":{"start":{"line":22,"column":15},"end":{"line":22,"column":20}},"loc":{"start":{"line":22,"column":24},"end":{"line":22,"column":42}}},"6":{"name":"(anonymous_15)","decl":{"start":{"line":23,"column":17},"end":{"line":23,"column":22}},"loc":{"start":{"line":23,"column":26},"end":{"line":23,"column":44}}},"7":{"name":"(anonymous_16)","decl":{"start":{"line":25,"column":17},"end":{"line":25,"column":22}},"loc":{"start":{"line":25,"column":26},"end":{"line":25,"column":44}}},"8":{"name":"(anonymous_17)","decl":{"start":{"line":25,"column":52},"end":{"line":25,"column":57}},"loc":{"start":{"line":25,"column":61},"end":{"line":25,"column":79}}},"9":{"name":"(anonymous_18)","decl":{"start":{"line":27,"column":30},"end":{"line":27,"column":43}},"loc":{"start":{"line":28,"column":4},"end":{"line":30,"column":6}}},"10":{"name":"(anonymous_19)","decl":{"start":{"line":28,"column":22},"end":{"line":28,"column":23}},"loc":{"start":{"line":28,"column":26},"end":{"line":30,"column":5}}},"11":{"name":"loadDisplayPlugin","decl":{"start":{"line":41,"column":16},"end":{"line":41,"column":33}},"loc":{"start":{"line":41,"column":52},"end":{"line":55,"column":null}}},"12":{"name":"(anonymous_22)","decl":{"start":{"line":44,"column":33},"end":{"line":44,"column":38}},"loc":{"start":{"line":45,"column":4},"end":{"line":45,"column":59}}},"13":{"name":"(anonymous_23)","decl":{"start":{"line":45,"column":17},"end":{"line":45,"column":18}},"loc":{"start":{"line":45,"column":22},"end":{"line":45,"column":58}}},"14":{"name":"(anonymous_24)","decl":{"start":{"line":46,"column":35},"end":{"line":46,"column":42}},"loc":{"start":{"line":47,"column":4},"end":{"line":47,"column":53}}},"15":{"name":"(anonymous_25)","decl":{"start":{"line":47,"column":16},"end":{"line":47,"column":17}},"loc":{"start":{"line":47,"column":21},"end":{"line":47,"column":52}}},"16":{"name":"(anonymous_26)","decl":{"start":{"line":48,"column":15},"end":{"line":48,"column":20}},"loc":{"start":{"line":48,"column":24},"end":{"line":48,"column":42}}},"17":{"name":"(anonymous_27)","decl":{"start":{"line":49,"column":17},"end":{"line":49,"column":22}},"loc":{"start":{"line":49,"column":26},"end":{"line":49,"column":44}}},"18":{"name":"(anonymous_28)","decl":{"start":{"line":50,"column":17},"end":{"line":50,"column":22}},"loc":{"start":{"line":50,"column":26},"end":{"line":50,"column":44}}},"19":{"name":"(anonymous_29)","decl":{"start":{"line":51,"column":30},"end":{"line":51,"column":43}},"loc":{"start":{"line":52,"column":4},"end":{"line":54,"column":6}}},"20":{"name":"(anonymous_30)","decl":{"start":{"line":52,"column":22},"end":{"line":52,"column":23}},"loc":{"start":{"line":52,"column":26},"end":{"line":54,"column":5}}}},"branchMap":{"0":{"loc":{"start":{"line":19,"column":22},"end":{"line":19,"column":58}},"type":"binary-expr","locations":[{"start":{"line":19,"column":22},"end":{"line":19,"column":32}},{"start":{"line":19,"column":36},"end":{"line":19,"column":58}}]},"1":{"loc":{"start":{"line":45,"column":22},"end":{"line":45,"column":58}},"type":"binary-expr","locations":[{"start":{"line":45,"column":22},"end":{"line":45,"column":32}},{"start":{"line":45,"column":36},"end":{"line":45,"column":58}}]}},"s":{"0":1,"1":1,"2":1,"3":1,"4":1,"5":1,"6":1,"7":1,"8":1,"9":1,"10":1,"11":1,"12":1,"13":1,"14":1,"15":1,"16":1,"17":0,"18":1,"19":1,"20":1,"21":1,"22":1,"23":0,"24":0,"25":0,"26":0,"27":0,"28":0,"29":0,"30":0,"31":0,"32":0,"33":0,"34":0,"35":0,"36":0,"37":0,"38":0,"39":0,"40":1},"f":{"0":1,"1":1,"2":1,"3":1,"4":1,"5":1,"6":1,"7":1,"8":0,"9":1,"10":1,"11":0,"12":0,"13":0,"14":0,"15":0,"16":0,"17":0,"18":0,"19":0,"20":0},"b":{"0":[1,1],"1":[0,0]}}
,"/Users/chrishafley/Desktop/17-214/hw6-analytics-framework-reallyreallycoolname/src/core/frameworkimpl.ts": {"path":"/Users/chrishafley/Desktop/17-214/hw6-analytics-framework-reallyreallycoolname/src/core/frameworkimpl.ts","statementMap":{"0":{"start":{"line":10,"column":12},"end":{"line":10,"column":null}},"1":{"start":{"line":11,"column":12},"end":{"line":11,"column":null}},"2":{"start":{"line":12,"column":12},"end":{"line":12,"column":null}},"3":{"start":{"line":13,"column":12},"end":{"line":13,"column":null}},"4":{"start":{"line":14,"column":12},"end":{"line":14,"column":null}},"5":{"start":{"line":21,"column":8},"end":{"line":26,"column":null}},"6":{"start":{"line":22,"column":12},"end":{"line":22,"column":18}},"7":{"start":{"line":25,"column":12},"end":{"line":25,"column":null}},"8":{"start":{"line":30,"column":8},"end":{"line":35,"column":null}},"9":{"start":{"line":31,"column":12},"end":{"line":31,"column":null}},"10":{"start":{"line":34,"column":12},"end":{"line":34,"column":null}},"11":{"start":{"line":47,"column":8},"end":{"line":47,"column":null}},"12":{"start":{"line":54,"column":8},"end":{"line":54,"column":null}},"13":{"start":{"line":61,"column":8},"end":{"line":61,"column":null}},"14":{"start":{"line":68,"column":8},"end":{"line":68,"column":null}},"15":{"start":{"line":69,"column":8},"end":{"line":69,"column":null}},"16":{"start":{"line":73,"column":9},"end":{"line":73,"column":27}}},"fnMap":{"0":{"name":"(anonymous_0)","decl":{"start":{"line":16,"column":4},"end":{"line":16,"column":null}},"loc":{"start":{"line":16,"column":4},"end":{"line":18,"column":5}}},"1":{"name":"(anonymous_1)","decl":{"start":{"line":20,"column":4},"end":{"line":20,"column":13}},"loc":{"start":{"line":20,"column":29},"end":{"line":27,"column":5}}},"2":{"name":"(anonymous_2)","decl":{"start":{"line":29,"column":4},"end":{"line":29,"column":24}},"loc":{"start":{"line":29,"column":46},"end":{"line":36,"column":5}}},"3":{"name":"(anonymous_3)","decl":{"start":{"line":38,"column":4},"end":{"line":38,"column":21}},"loc":{"start":{"line":38,"column":21},"end":{"line":40,"column":5}}},"4":{"name":"(anonymous_4)","decl":{"start":{"line":46,"column":4},"end":{"line":46,"column":24}},"loc":{"start":{"line":46,"column":45},"end":{"line":48,"column":5}}},"5":{"name":"(anonymous_5)","decl":{"start":{"line":53,"column":4},"end":{"line":53,"column":27}},"loc":{"start":{"line":53,"column":48},"end":{"line":55,"column":5}}},"6":{"name":"(anonymous_6)","decl":{"start":{"line":60,"column":4},"end":{"line":60,"column":22}},"loc":{"start":{"line":60,"column":42},"end":{"line":62,"column":5}}},"7":{"name":"(anonymous_7)","decl":{"start":{"line":67,"column":4},"end":{"line":67,"column":25}},"loc":{"start":{"line":67,"column":48},"end":{"line":70,"column":5}}}},"branchMap":{"0":{"loc":{"start":{"line":21,"column":8},"end":{"line":26,"column":null}},"type":"if","locations":[{"start":{"line":21,"column":8},"end":{"line":26,"column":null}},{"start":{"line":24,"column":12},"end":{"line":26,"column":null}}]},"1":{"loc":{"start":{"line":30,"column":8},"end":{"line":35,"column":null}},"type":"if","locations":[{"start":{"line":30,"column":8},"end":{"line":35,"column":null}},{"start":{"line":33,"column":12},"end":{"line":35,"column":null}}]}},"s":{"0":1,"1":1,"2":1,"3":1,"4":1,"5":0,"6":0,"7":0,"8":0,"9":0,"10":0,"11":0,"12":0,"13":0,"14":0,"15":0,"16":1},"f":{"0":1,"1":0,"2":0,"3":0,"4":0,"5":0,"6":0,"7":0},"b":{"0":[0,0],"1":[0,0]}}
,"/Users/chrishafley/Desktop/17-214/hw6-analytics-framework-reallyreallycoolname/src/core/image.ts": {"path":"/Users/chrishafley/Desktop/17-214/hw6-analytics-framework-reallyreallycoolname/src/core/image.ts","statementMap":{"0":{"start":{"line":12,"column":8},"end":{"line":12,"column":null}},"1":{"start":{"line":13,"column":8},"end":{"line":13,"column":null}},"2":{"start":{"line":14,"column":8},"end":{"line":14,"column":null}},"3":{"start":{"line":15,"column":8},"end":{"line":15,"column":null}},"4":{"start":{"line":16,"column":8},"end":{"line":16,"column":null}},"5":{"start":{"line":23,"column":8},"end":{"line":23,"column":null}},"6":{"start":{"line":30,"column":8},"end":{"line":30,"column":null}},"7":{"start":{"line":37,"column":8},"end":{"line":37,"column":null}},"8":{"start":{"line":42,"column":8},"end":{"line":42,"column":null}},"9":{"start":{"line":49,"column":8},"end":{"line":49,"column":null}},"10":{"start":{"line":56,"column":8},"end":{"line":56,"column":null}},"11":{"start":{"line":60,"column":9},"end":{"line":60,"column":23}}},"fnMap":{"0":{"name":"(anonymous_0)","decl":{"start":{"line":11,"column":4},"end":{"line":11,"column":16}},"loc":{"start":{"line":11,"column":77},"end":{"line":17,"column":5}}},"1":{"name":"(anonymous_1)","decl":{"start":{"line":22,"column":11},"end":{"line":22,"column":18}},"loc":{"start":{"line":22,"column":18},"end":{"line":24,"column":5}}},"2":{"name":"(anonymous_2)","decl":{"start":{"line":29,"column":11},"end":{"line":29,"column":20}},"loc":{"start":{"line":29,"column":20},"end":{"line":31,"column":5}}},"3":{"name":"(anonymous_3)","decl":{"start":{"line":36,"column":11},"end":{"line":36,"column":19}},"loc":{"start":{"line":36,"column":19},"end":{"line":38,"column":5}}},"4":{"name":"(anonymous_4)","decl":{"start":{"line":41,"column":11},"end":{"line":41,"column":19}},"loc":{"start":{"line":41,"column":19},"end":{"line":43,"column":5}}},"5":{"name":"(anonymous_5)","decl":{"start":{"line":48,"column":11},"end":{"line":48,"column":28}},"loc":{"start":{"line":48,"column":28},"end":{"line":50,"column":5}}},"6":{"name":"(anonymous_6)","decl":{"start":{"line":55,"column":11},"end":{"line":55,"column":26}},"loc":{"start":{"line":55,"column":66},"end":{"line":57,"column":5}}}},"branchMap":{},"s":{"0":0,"1":0,"2":0,"3":0,"4":0,"5":0,"6":0,"7":0,"8":0,"9":0,"10":0,"11":1},"f":{"0":0,"1":0,"2":0,"3":0,"4":0,"5":0,"6":0},"b":{}}
,"/Users/chrishafley/Desktop/17-214/hw6-analytics-framework-reallyreallycoolname/src/core/dataplugins/data_plugin_stub.ts": {"path":"/Users/chrishafley/Desktop/17-214/hw6-analytics-framework-reallyreallycoolname/src/core/dataplugins/data_plugin_stub.ts","statementMap":{"0":{"start":{"line":3,"column":0},"end":{"line":3,"column":39}},"1":{"start":{"line":6,"column":4},"end":{"line":16,"column":null}},"2":{"start":{"line":7,"column":33},"end":{"line":7,"column":39}},"3":{"start":{"line":15,"column":41},"end":{"line":15,"column":177}},"4":{"start":{"line":19,"column":18},"end":{"line":19,"column":78}},"5":{"start":{"line":20,"column":9},"end":{"line":20,"column":18}}},"fnMap":{"0":{"name":"newDataPluginStub","decl":{"start":{"line":5,"column":9},"end":{"line":5,"column":26}},"loc":{"start":{"line":5,"column":26},"end":{"line":17,"column":1}}},"1":{"name":"(anonymous_1)","decl":{"start":{"line":7,"column":27},"end":{"line":7,"column":30}},"loc":{"start":{"line":7,"column":33},"end":{"line":7,"column":39}}},"2":{"name":"(anonymous_2)","decl":{"start":{"line":15,"column":20},"end":{"line":15,"column":21}},"loc":{"start":{"line":15,"column":41},"end":{"line":15,"column":177}}}},"branchMap":{},"s":{"0":1,"1":1,"2":0,"3":0,"4":1,"5":1},"f":{"0":1,"1":0,"2":0},"b":{}}
}
